<?xml version="1.0" encoding="UTF-8"?>
<testsuite name="alongtheway.backend.AppTest" tests="1" skipped="0" failures="0" errors="0" timestamp="2023-05-31T19:00:55" hostname="Andrews-MBP.lan" time="0.013">
  <properties/>
  <testcase name="appHasAGreeting" classname="alongtheway.backend.AppTest" time="0.013"/>
  <system-out><![CDATA[]]></system-out>
  <system-err><![CDATA[]]></system-err>
</testsuite>
